        -:    0:Source:/Applications/Xcode.app/Contents/Developer/Toolchains/XcodeDefault.xctoolchain/usr/include/c++/v1/regex
        -:    0:Graph:../020-TestCase.gcno
        -:    0:Data:-
        -:    0:Runs:0
        -:    0:Programs:0
        -:    1:// -*- C++ -*-
        -:    2://===--------------------------- regex ------------------------------------===//
        -:    3://
        -:    4://                     The LLVM Compiler Infrastructure
        -:    5://
        -:    6:// This file is dual licensed under the MIT and the University of Illinois Open
        -:    7:// Source Licenses. See LICENSE.TXT for details.
        -:    8://
        -:    9://===----------------------------------------------------------------------===//
        -:   10:
        -:   11:#ifndef _LIBCPP_REGEX
        -:   12:#define _LIBCPP_REGEX
        -:   13:
        -:   14:/*
        -:   15:    regex synopsis
        -:   16:
        -:   17:#include <initializer_list>
        -:   18:
        -:   19:namespace std
        -:   20:{
        -:   21:
        -:   22:namespace regex_constants
        -:   23:{
        -:   24:
        -:   25:emum syntax_option_type
        -:   26:{
        -:   27:    icase      = unspecified,
        -:   28:    nosubs     = unspecified,
        -:   29:    optimize   = unspecified,
        -:   30:    collate    = unspecified,
        -:   31:    ECMAScript = unspecified,
        -:   32:    basic      = unspecified,
        -:   33:    extended   = unspecified,
        -:   34:    awk        = unspecified,
        -:   35:    grep       = unspecified,
        -:   36:    egrep      = unspecified
        -:   37:};
        -:   38:
        -:   39:constexpr syntax_option_type operator~(syntax_option_type f);
        -:   40:constexpr syntax_option_type operator&(syntax_option_type lhs, syntax_option_type rhs);
        -:   41:constexpr syntax_option_type operator|(syntax_option_type lhs, syntax_option_type rhs);
        -:   42:
        -:   43:enum match_flag_type
        -:   44:{
        -:   45:    match_default     = 0,
        -:   46:    match_not_bol     = unspecified,
        -:   47:    match_not_eol     = unspecified,
        -:   48:    match_not_bow     = unspecified,
        -:   49:    match_not_eow     = unspecified,
        -:   50:    match_any         = unspecified,
        -:   51:    match_not_null    = unspecified,
        -:   52:    match_continuous  = unspecified,
        -:   53:    match_prev_avail  = unspecified,
        -:   54:    format_default    = 0,
        -:   55:    format_sed        = unspecified,
        -:   56:    format_no_copy    = unspecified,
        -:   57:    format_first_only = unspecified
        -:   58:};
        -:   59:
        -:   60:constexpr match_flag_type operator~(match_flag_type f);
        -:   61:constexpr match_flag_type operator&(match_flag_type lhs, match_flag_type rhs);
        -:   62:constexpr match_flag_type operator|(match_flag_type lhs, match_flag_type rhs);
        -:   63:
        -:   64:enum error_type
        -:   65:{
        -:   66:    error_collate    = unspecified,
        -:   67:    error_ctype      = unspecified,
        -:   68:    error_escape     = unspecified,
        -:   69:    error_backref    = unspecified,
        -:   70:    error_brack      = unspecified,
        -:   71:    error_paren      = unspecified,
        -:   72:    error_brace      = unspecified,
        -:   73:    error_badbrace   = unspecified,
        -:   74:    error_range      = unspecified,
        -:   75:    error_space      = unspecified,
        -:   76:    error_badrepeat  = unspecified,
        -:   77:    error_complexity = unspecified,
        -:   78:    error_stack      = unspecified
        -:   79:};
        -:   80:
        -:   81:}  // regex_constants
        -:   82:
        -:   83:class regex_error
        -:   84:    : public runtime_error
        -:   85:{
        -:   86:public:
        -:   87:    explicit regex_error(regex_constants::error_type ecode);
        -:   88:    regex_constants::error_type code() const;
        -:   89:};
        -:   90:
        -:   91:template <class charT>
        -:   92:struct regex_traits
        -:   93:{
        -:   94:public:
        -:   95:    typedef charT                   char_type;
        -:   96:    typedef basic_string<char_type> string_type;
        -:   97:    typedef locale                  locale_type;
        -:   98:    typedef /bitmask_type/          char_class_type;
        -:   99:
        -:  100:    regex_traits();
        -:  101:
        -:  102:    static size_t length(const char_type* p);
        -:  103:    charT translate(charT c) const;
        -:  104:    charT translate_nocase(charT c) const;
        -:  105:    template <class ForwardIterator>
        -:  106:        string_type
        -:  107:        transform(ForwardIterator first, ForwardIterator last) const;
        -:  108:    template <class ForwardIterator>
        -:  109:        string_type
        -:  110:        transform_primary( ForwardIterator first, ForwardIterator last) const;
        -:  111:    template <class ForwardIterator>
        -:  112:        string_type
        -:  113:        lookup_collatename(ForwardIterator first, ForwardIterator last) const;
        -:  114:    template <class ForwardIterator>
        -:  115:        char_class_type
        -:  116:        lookup_classname(ForwardIterator first, ForwardIterator last,
        -:  117:                         bool icase = false) const;
        -:  118:    bool isctype(charT c, char_class_type f) const;
        -:  119:    int value(charT ch, int radix) const;
        -:  120:    locale_type imbue(locale_type l);
        -:  121:    locale_type getloc()const;
        -:  122:};
        -:  123:
        -:  124:template <class charT, class traits = regex_traits<charT>>
        -:  125:class basic_regex
        -:  126:{
        -:  127:public:
        -:  128:    // types:
        -:  129:    typedef charT                               value_type;
        -:  130:    typedef traits                              traits_type;
        -:  131:    typedef typename traits::string_type        string_type;
        -:  132:    typedef regex_constants::syntax_option_type flag_type;
        -:  133:    typedef typename traits::locale_type        locale_type;
        -:  134:
        -:  135:    // constants:
        -:  136:    static constexpr regex_constants::syntax_option_type icase = regex_constants::icase;
        -:  137:    static constexpr regex_constants::syntax_option_type nosubs = regex_constants::nosubs;
        -:  138:    static constexpr regex_constants::syntax_option_type optimize = regex_constants::optimize;
        -:  139:    static constexpr regex_constants::syntax_option_type collate = regex_constants::collate;
        -:  140:    static constexpr regex_constants::syntax_option_type ECMAScript = regex_constants::ECMAScript;
        -:  141:    static constexpr regex_constants::syntax_option_type basic = regex_constants::basic;
        -:  142:    static constexpr regex_constants::syntax_option_type extended = regex_constants::extended;
        -:  143:    static constexpr regex_constants::syntax_option_type awk = regex_constants::awk;
        -:  144:    static constexpr regex_constants::syntax_option_type grep = regex_constants::grep;
        -:  145:    static constexpr regex_constants::syntax_option_type egrep = regex_constants::egrep;
        -:  146:
        -:  147:    // construct/copy/destroy:
        -:  148:    basic_regex();
        -:  149:    explicit basic_regex(const charT* p, flag_type f = regex_constants::ECMAScript);
        -:  150:    basic_regex(const charT* p, size_t len, flag_type f = regex_constants::ECMAScript);
        -:  151:    basic_regex(const basic_regex&);
        -:  152:    basic_regex(basic_regex&&) noexcept;
        -:  153:    template <class ST, class SA>
        -:  154:        explicit basic_regex(const basic_string<charT, ST, SA>& p,
        -:  155:                             flag_type f = regex_constants::ECMAScript);
        -:  156:    template <class ForwardIterator>
        -:  157:        basic_regex(ForwardIterator first, ForwardIterator last,
        -:  158:                    flag_type f = regex_constants::ECMAScript);
        -:  159:    basic_regex(initializer_list<charT>, flag_type = regex_constants::ECMAScript);
        -:  160:
        -:  161:    ~basic_regex();
        -:  162:
        -:  163:    basic_regex& operator=(const basic_regex&);
        -:  164:    basic_regex& operator=(basic_regex&&) noexcept;
        -:  165:    basic_regex& operator=(const charT* ptr);
        -:  166:    basic_regex& operator=(initializer_list<charT> il);
        -:  167:    template <class ST, class SA>
        -:  168:        basic_regex& operator=(const basic_string<charT, ST, SA>& p);
        -:  169:
        -:  170:    // assign:
        -:  171:    basic_regex& assign(const basic_regex& that);
        -:  172:    basic_regex& assign(basic_regex&& that) noexcept;
        -:  173:    basic_regex& assign(const charT* ptr, flag_type f = regex_constants::ECMAScript);
        -:  174:    basic_regex& assign(const charT* p, size_t len, flag_type f);
        -:  175:    template <class string_traits, class A>
        -:  176:        basic_regex& assign(const basic_string<charT, string_traits, A>& s,
        -:  177:                            flag_type f = regex_constants::ECMAScript);
        -:  178:    template <class InputIterator>
        -:  179:        basic_regex& assign(InputIterator first, InputIterator last,
        -:  180:                            flag_type f = regex_constants::ECMAScript);
        -:  181:    basic_regex& assign(initializer_list<charT>, flag_type = regex_constants::ECMAScript);
        -:  182:
        -:  183:    // const operations:
        -:  184:    unsigned mark_count() const;
        -:  185:    flag_type flags() const;
        -:  186:
        -:  187:    // locale:
        -:  188:    locale_type imbue(locale_type loc);
        -:  189:    locale_type getloc() const;
        -:  190:
        -:  191:    // swap:
        -:  192:    void swap(basic_regex&);
        -:  193:};
        -:  194:
        -:  195:template<class ForwardIterator>
        -:  196:basic_regex(ForwardIterator, ForwardIterator,
        -:  197:            regex_constants::syntax_option_type = regex_constants::ECMAScript)
        -:  198:    -> basic_regex<typename iterator_traits<ForwardIterator>::value_type>; // C++17
        -:  199:
        -:  200:typedef basic_regex<char>    regex;
        -:  201:typedef basic_regex<wchar_t> wregex;
        -:  202:
        -:  203:template <class charT, class traits>
        -:  204:    void swap(basic_regex<charT, traits>& e1, basic_regex<charT, traits>& e2);
        -:  205:
        -:  206:template <class BidirectionalIterator>
        -:  207:class sub_match
        -:  208:    : public pair<BidirectionalIterator, BidirectionalIterator>
        -:  209:{
        -:  210:public:
        -:  211:    typedef typename iterator_traits<BidirectionalIterator>::value_type value_type;
        -:  212:    typedef typename iterator_traits<BidirectionalIterator>::difference_type difference_type;
        -:  213:    typedef BidirectionalIterator                                      iterator;
        -:  214:    typedef basic_string<value_type>                                string_type;
        -:  215:
        -:  216:    bool matched;
        -:  217:
        -:  218:    constexpr sub_match();
        -:  219:
        -:  220:    difference_type length() const;
        -:  221:    operator string_type() const;
        -:  222:    string_type str() const;
        -:  223:
        -:  224:    int compare(const sub_match& s) const;
        -:  225:    int compare(const string_type& s) const;
        -:  226:    int compare(const value_type* s) const;
        -:  227:};
        -:  228:
        -:  229:typedef sub_match<const char*>             csub_match;
        -:  230:typedef sub_match<const wchar_t*>          wcsub_match;
        -:  231:typedef sub_match<string::const_iterator>  ssub_match;
        -:  232:typedef sub_match<wstring::const_iterator> wssub_match;
        -:  233:
        -:  234:template <class BiIter>
        -:  235:    bool
        -:  236:    operator==(const sub_match<BiIter>& lhs, const sub_match<BiIter>& rhs);
        -:  237:
        -:  238:template <class BiIter>
        -:  239:    bool
        -:  240:    operator!=(const sub_match<BiIter>& lhs, const sub_match<BiIter>& rhs);
        -:  241:
        -:  242:template <class BiIter>
        -:  243:    bool
        -:  244:    operator<(const sub_match<BiIter>& lhs, const sub_match<BiIter>& rhs);
        -:  245:
        -:  246:template <class BiIter>
        -:  247:    bool
        -:  248:    operator<=(const sub_match<BiIter>& lhs, const sub_match<BiIter>& rhs);
        -:  249:
        -:  250:template <class BiIter>
        -:  251:    bool
        -:  252:    operator>=(const sub_match<BiIter>& lhs, const sub_match<BiIter>& rhs);
        -:  253:
        -:  254:template <class BiIter>
        -:  255:    bool
        -:  256:    operator>(const sub_match<BiIter>& lhs, const sub_match<BiIter>& rhs);
        -:  257:
        -:  258:template <class BiIter, class ST, class SA>
        -:  259:    bool
        -:  260:    operator==(const basic_string<typename iterator_traits<BiIter>::value_type, ST, SA>& lhs,
        -:  261:               const sub_match<BiIter>& rhs);
        -:  262:
        -:  263:template <class BiIter, class ST, class SA>
        -:  264:    bool
        -:  265:    operator!=(const basic_string<typename iterator_traits<BiIter>::value_type, ST, SA>& lhs,
        -:  266:               const sub_match<BiIter>& rhs);
        -:  267:
        -:  268:template <class BiIter, class ST, class SA>
        -:  269:    bool
        -:  270:    operator<(const basic_string<typename iterator_traits<BiIter>::value_type, ST, SA>& lhs,
        -:  271:              const sub_match<BiIter>& rhs);
        -:  272:
        -:  273:template <class BiIter, class ST, class SA>
        -:  274:    bool
        -:  275:    operator>(const basic_string<typename iterator_traits<BiIter>::value_type, ST, SA>& lhs,
        -:  276:              const sub_match<BiIter>& rhs);
        -:  277:
        -:  278:template <class BiIter, class ST, class SA>
        -:  279:    bool operator>=(const basic_string<typename iterator_traits<BiIter>::value_type, ST, SA>& lhs,
        -:  280:                    const sub_match<BiIter>& rhs);
        -:  281:
        -:  282:template <class BiIter, class ST, class SA>
        -:  283:    bool
        -:  284:    operator<=(const basic_string<typename iterator_traits<BiIter>::value_type, ST, SA>& lhs,
        -:  285:               const sub_match<BiIter>& rhs);
        -:  286:
        -:  287:template <class BiIter, class ST, class SA>
        -:  288:    bool
        -:  289:    operator==(const sub_match<BiIter>& lhs,
        -:  290:               const basic_string<typename iterator_traits<BiIter>::value_type, ST, SA>& rhs);
        -:  291:
        -:  292:template <class BiIter, class ST, class SA>
        -:  293:    bool
        -:  294:    operator!=(const sub_match<BiIter>& lhs,
        -:  295:               const basic_string<typename iterator_traits<BiIter>::value_type, ST, SA>& rhs);
        -:  296:
        -:  297:template <class BiIter, class ST, class SA>
        -:  298:    bool
        -:  299:    operator<(const sub_match<BiIter>& lhs,
        -:  300:              const basic_string<typename iterator_traits<BiIter>::value_type, ST, SA>& rhs);
        -:  301:
        -:  302:template <class BiIter, class ST, class SA>
        -:  303:    bool operator>(const sub_match<BiIter>& lhs,
        -:  304:                   const basic_string<typename iterator_traits<BiIter>::value_type, ST, SA>& rhs);
        -:  305:
        -:  306:template <class BiIter, class ST, class SA>
        -:  307:    bool
        -:  308:    operator>=(const sub_match<BiIter>& lhs,
        -:  309:               const basic_string<typename iterator_traits<BiIter>::value_type, ST, SA>& rhs);
        -:  310:
        -:  311:template <class BiIter, class ST, class SA>
        -:  312:    bool
        -:  313:    operator<=(const sub_match<BiIter>& lhs,
        -:  314:               const basic_string<typename iterator_traits<BiIter>::value_type, ST, SA>& rhs);
        -:  315:
        -:  316:template <class BiIter>
        -:  317:    bool
        -:  318:    operator==(typename iterator_traits<BiIter>::value_type const* lhs,
        -:  319:               const sub_match<BiIter>& rhs);
        -:  320:
        -:  321:template <class BiIter>
        -:  322:    bool
        -:  323:    operator!=(typename iterator_traits<BiIter>::value_type const* lhs,
        -:  324:               const sub_match<BiIter>& rhs);
        -:  325:
        -:  326:template <class BiIter>
        -:  327:    bool
        -:  328:    operator<(typename iterator_traits<BiIter>::value_type const* lhs,
        -:  329:              const sub_match<BiIter>& rhs);
        -:  330:
        -:  331:template <class BiIter>
        -:  332:    bool
        -:  333:    operator>(typename iterator_traits<BiIter>::value_type const* lhs,
        -:  334:              const sub_match<BiIter>& rhs);
        -:  335:
        -:  336:template <class BiIter>
        -:  337:    bool
        -:  338:    operator>=(typename iterator_traits<BiIter>::value_type const* lhs,
        -:  339:               const sub_match<BiIter>& rhs);
        -:  340:
        -:  341:template <class BiIter>
        -:  342:    bool
        -:  343:    operator<=(typename iterator_traits<BiIter>::value_type const* lhs,
        -:  344:               const sub_match<BiIter>& rhs);
        -:  345:
        -:  346:template <class BiIter>
        -:  347:    bool
        -:  348:    operator==(const sub_match<BiIter>& lhs,
        -:  349:               typename iterator_traits<BiIter>::value_type const* rhs);
        -:  350:
        -:  351:template <class BiIter>
        -:  352:    bool
        -:  353:    operator!=(const sub_match<BiIter>& lhs,
        -:  354:               typename iterator_traits<BiIter>::value_type const* rhs);
        -:  355:
        -:  356:template <class BiIter>
        -:  357:    bool
        -:  358:    operator<(const sub_match<BiIter>& lhs,
        -:  359:              typename iterator_traits<BiIter>::value_type const* rhs);
        -:  360:
        -:  361:template <class BiIter>
        -:  362:    bool
        -:  363:    operator>(const sub_match<BiIter>& lhs,
        -:  364:              typename iterator_traits<BiIter>::value_type const* rhs);
        -:  365:
        -:  366:template <class BiIter>
        -:  367:    bool
        -:  368:    operator>=(const sub_match<BiIter>& lhs,
        -:  369:               typename iterator_traits<BiIter>::value_type const* rhs);
        -:  370:
        -:  371:template <class BiIter>
        -:  372:    bool
        -:  373:    operator<=(const sub_match<BiIter>& lhs,
        -:  374:               typename iterator_traits<BiIter>::value_type const* rhs);
        -:  375:
        -:  376:template <class BiIter>
        -:  377:    bool
        -:  378:    operator==(typename iterator_traits<BiIter>::value_type const& lhs,
        -:  379:               const sub_match<BiIter>& rhs);
        -:  380:
        -:  381:template <class BiIter>
        -:  382:    bool
        -:  383:    operator!=(typename iterator_traits<BiIter>::value_type const& lhs,
        -:  384:               const sub_match<BiIter>& rhs);
        -:  385:
        -:  386:template <class BiIter>
        -:  387:    bool
        -:  388:    operator<(typename iterator_traits<BiIter>::value_type const& lhs,
        -:  389:              const sub_match<BiIter>& rhs);
        -:  390:
        -:  391:template <class BiIter>
        -:  392:    bool
        -:  393:    operator>(typename iterator_traits<BiIter>::value_type const& lhs,
        -:  394:              const sub_match<BiIter>& rhs);
        -:  395:
        -:  396:template <class BiIter>
        -:  397:    bool
        -:  398:    operator>=(typename iterator_traits<BiIter>::value_type const& lhs,
        -:  399:               const sub_match<BiIter>& rhs);
        -:  400:
        -:  401:template <class BiIter>
        -:  402:    bool
        -:  403:    operator<=(typename iterator_traits<BiIter>::value_type const& lhs,
        -:  404:               const sub_match<BiIter>& rhs);
        -:  405:
        -:  406:template <class BiIter>
        -:  407:    bool
        -:  408:    operator==(const sub_match<BiIter>& lhs,
        -:  409:               typename iterator_traits<BiIter>::value_type const& rhs);
        -:  410:
        -:  411:template <class BiIter>
        -:  412:    bool
        -:  413:    operator!=(const sub_match<BiIter>& lhs,
        -:  414:               typename iterator_traits<BiIter>::value_type const& rhs);
        -:  415:
        -:  416:template <class BiIter>
        -:  417:    bool
        -:  418:    operator<(const sub_match<BiIter>& lhs,
        -:  419:              typename iterator_traits<BiIter>::value_type const& rhs);
        -:  420:
        -:  421:template <class BiIter>
        -:  422:    bool
        -:  423:    operator>(const sub_match<BiIter>& lhs,
        -:  424:              typename iterator_traits<BiIter>::value_type const& rhs);
        -:  425:
        -:  426:template <class BiIter>
        -:  427:    bool
        -:  428:    operator>=(const sub_match<BiIter>& lhs,
        -:  429:               typename iterator_traits<BiIter>::value_type const& rhs);
        -:  430:
        -:  431:template <class BiIter>
        -:  432:    bool
        -:  433:    operator<=(const sub_match<BiIter>& lhs,
        -:  434:               typename iterator_traits<BiIter>::value_type const& rhs);
        -:  435:
        -:  436:template <class charT, class ST, class BiIter>
        -:  437:    basic_ostream<charT, ST>&
        -:  438:    operator<<(basic_ostream<charT, ST>& os, const sub_match<BiIter>& m);
        -:  439:
        -:  440:template <class BidirectionalIterator,
        -:  441:          class Allocator = allocator<sub_match<BidirectionalIterator>>>
        -:  442:class match_results
        -:  443:{
        -:  444:public:
        -:  445:    typedef sub_match<BidirectionalIterator>                  value_type;
        -:  446:    typedef const value_type&                                 const_reference;
        -:  447:    typedef value_type&                                       reference;
        -:  448:    typedef /implementation-defined/                          const_iterator;
        -:  449:    typedef const_iterator                                    iterator;
        -:  450:    typedef typename iterator_traits<BidirectionalIterator>::difference_type difference_type;
        -:  451:    typedef typename allocator_traits<Allocator>::size_type   size_type;
        -:  452:    typedef Allocator                                         allocator_type;
        -:  453:    typedef typename iterator_traits<BidirectionalIterator>::value_type char_type;
        -:  454:    typedef basic_string<char_type>                           string_type;
        -:  455:
        -:  456:    // construct/copy/destroy:
        -:  457:    explicit match_results(const Allocator& a = Allocator());
        -:  458:    match_results(const match_results& m);
        -:  459:    match_results(match_results&& m) noexcept;
        -:  460:    match_results& operator=(const match_results& m);
        -:  461:    match_results& operator=(match_results&& m);
        -:  462:    ~match_results();
        -:  463:
        -:  464:    bool ready() const;
        -:  465:
        -:  466:    // size:
        -:  467:    size_type size() const;
        -:  468:    size_type max_size() const;
        -:  469:    bool empty() const;
        -:  470:
        -:  471:    // element access:
        -:  472:    difference_type length(size_type sub = 0) const;
        -:  473:    difference_type position(size_type sub = 0) const;
        -:  474:    string_type str(size_type sub = 0) const;
        -:  475:    const_reference operator[](size_type n) const;
        -:  476:
        -:  477:    const_reference prefix() const;
        -:  478:    const_reference suffix() const;
        -:  479:
        -:  480:    const_iterator begin() const;
        -:  481:    const_iterator end() const;
        -:  482:    const_iterator cbegin() const;
        -:  483:    const_iterator cend() const;
        -:  484:
        -:  485:    // format:
        -:  486:    template <class OutputIter>
        -:  487:        OutputIter
        -:  488:        format(OutputIter out, const char_type* fmt_first,
        -:  489:               const char_type* fmt_last,
        -:  490:               regex_constants::match_flag_type flags = regex_constants::format_default) const;
        -:  491:    template <class OutputIter, class ST, class SA>
        -:  492:        OutputIter
        -:  493:        format(OutputIter out, const basic_string<char_type, ST, SA>& fmt,
        -:  494:               regex_constants::match_flag_type flags = regex_constants::format_default) const;
        -:  495:    template <class ST, class SA>
        -:  496:        basic_string<char_type, ST, SA>
        -:  497:        format(const basic_string<char_type, ST, SA>& fmt,
        -:  498:               regex_constants::match_flag_type flags = regex_constants::format_default) const;
        -:  499:    string_type
        -:  500:        format(const char_type* fmt,
        -:  501:               regex_constants::match_flag_type flags = regex_constants::format_default) const;
        -:  502:
        -:  503:    // allocator:
        -:  504:    allocator_type get_allocator() const;
        -:  505:
        -:  506:    // swap:
        -:  507:    void swap(match_results& that);
        -:  508:};
        -:  509:
        -:  510:typedef match_results<const char*>             cmatch;
        -:  511:typedef match_results<const wchar_t*>          wcmatch;
        -:  512:typedef match_results<string::const_iterator>  smatch;
        -:  513:typedef match_results<wstring::const_iterator> wsmatch;
        -:  514:
        -:  515:template <class BidirectionalIterator, class Allocator>
        -:  516:    bool
        -:  517:    operator==(const match_results<BidirectionalIterator, Allocator>& m1,
        -:  518:               const match_results<BidirectionalIterator, Allocator>& m2);
        -:  519:
        -:  520:template <class BidirectionalIterator, class Allocator>
        -:  521:    bool
        -:  522:    operator!=(const match_results<BidirectionalIterator, Allocator>& m1,
        -:  523:               const match_results<BidirectionalIterator, Allocator>& m2);
        -:  524:
        -:  525:template <class BidirectionalIterator, class Allocator>
        -:  526:    void
        -:  527:    swap(match_results<BidirectionalIterator, Allocator>& m1,
        -:  528:         match_results<BidirectionalIterator, Allocator>& m2);
        -:  529:
        -:  530:template <class BidirectionalIterator, class Allocator, class charT, class traits>
        -:  531:    bool
        -:  532:    regex_match(BidirectionalIterator first, BidirectionalIterator last,
        -:  533:                match_results<BidirectionalIterator, Allocator>& m,
        -:  534:                const basic_regex<charT, traits>& e,
        -:  535:                regex_constants::match_flag_type flags = regex_constants::match_default);
        -:  536:
        -:  537:template <class BidirectionalIterator, class charT, class traits>
        -:  538:    bool
        -:  539:    regex_match(BidirectionalIterator first, BidirectionalIterator last,
        -:  540:                const basic_regex<charT, traits>& e,
        -:  541:                regex_constants::match_flag_type flags = regex_constants::match_default);
        -:  542:
        -:  543:template <class charT, class Allocator, class traits>
        -:  544:    bool
        -:  545:    regex_match(const charT* str, match_results<const charT*, Allocator>& m,
        -:  546:                const basic_regex<charT, traits>& e,
        -:  547:                regex_constants::match_flag_type flags = regex_constants::match_default);
        -:  548:
        -:  549:template <class ST, class SA, class Allocator, class charT, class traits>
        -:  550:    bool
        -:  551:    regex_match(const basic_string<charT, ST, SA>& s,
        -:  552:                match_results<typename basic_string<charT, ST, SA>::const_iterator, Allocator>& m,
        -:  553:                const basic_regex<charT, traits>& e,
        -:  554:                regex_constants::match_flag_type flags = regex_constants::match_default);
        -:  555:
        -:  556:template <class ST, class SA, class Allocator, class charT, class traits>
        -:  557:    bool
        -:  558:    regex_match(const basic_string<charT, ST, SA>&& s,
        -:  559:                match_results<typename basic_string<charT, ST, SA>::const_iterator, Allocator>& m,
        -:  560:                const basic_regex<charT, traits>& e,
        -:  561:                regex_constants::match_flag_type flags = regex_constants::match_default) = delete; // C++14
        -:  562:
        -:  563:template <class charT, class traits>
        -:  564:    bool
        -:  565:    regex_match(const charT* str, const basic_regex<charT, traits>& e,
        -:  566:                regex_constants::match_flag_type flags = regex_constants::match_default);
        -:  567:
        -:  568:template <class ST, class SA, class charT, class traits>
        -:  569:    bool
        -:  570:    regex_match(const basic_string<charT, ST, SA>& s,
        -:  571:                const basic_regex<charT, traits>& e,
        -:  572:                regex_constants::match_flag_type flags = regex_constants::match_default);
        -:  573:
        -:  574:template <class BidirectionalIterator, class Allocator, class charT, class traits>
        -:  575:    bool
        -:  576:    regex_search(BidirectionalIterator first, BidirectionalIterator last,
        -:  577:                 match_results<BidirectionalIterator, Allocator>& m,
        -:  578:                 const basic_regex<charT, traits>& e,
        -:  579:                 regex_constants::match_flag_type flags = regex_constants::match_default);
        -:  580:
        -:  581:template <class BidirectionalIterator, class charT, class traits>
        -:  582:    bool
        -:  583:    regex_search(BidirectionalIterator first, BidirectionalIterator last,
        -:  584:                 const basic_regex<charT, traits>& e,
        -:  585:                 regex_constants::match_flag_type flags = regex_constants::match_default);
        -:  586:
        -:  587:template <class charT, class Allocator, class traits>
        -:  588:    bool
        -:  589:    regex_search(const charT* str, match_results<const charT*, Allocator>& m,
        -:  590:                 const basic_regex<charT, traits>& e,
        -:  591:                 regex_constants::match_flag_type flags = regex_constants::match_default);
        -:  592:
        -:  593:template <class charT, class traits>
        -:  594:    bool
        -:  595:    regex_search(const charT* str, const basic_regex<charT, traits>& e,
        -:  596:                 regex_constants::match_flag_type flags = regex_constants::match_default);
        -:  597:
        -:  598:template <class ST, class SA, class charT, class traits>
        -:  599:    bool
        -:  600:    regex_search(const basic_string<charT, ST, SA>& s,
        -:  601:                 const basic_regex<charT, traits>& e,
        -:  602:                 regex_constants::match_flag_type flags = regex_constants::match_default);
        -:  603:
        -:  604:template <class ST, class SA, class Allocator, class charT, class traits>
        -:  605:    bool
        -:  606:    regex_search(const basic_string<charT, ST, SA>& s,
        -:  607:                 match_results<typename basic_string<charT, ST, SA>::const_iterator, Allocator>& m,
        -:  608:                 const basic_regex<charT, traits>& e,
        -:  609:                 regex_constants::match_flag_type flags = regex_constants::match_default);
        -:  610:
        -:  611:template <class ST, class SA, class Allocator, class charT, class traits>
        -:  612:    bool
        -:  613:    regex_search(const basic_string<charT, ST, SA>&& s,
        -:  614:                 match_results<typename basic_string<charT, ST, SA>::const_iterator, Allocator>& m,
        -:  615:                 const basic_regex<charT, traits>& e,
        -:  616:                 regex_constants::match_flag_type flags = regex_constants::match_default) = delete; // C++14
        -:  617:
        -:  618:template <class OutputIterator, class BidirectionalIterator,
        -:  619:          class traits, class charT, class ST, class SA>
        -:  620:    OutputIterator
        -:  621:    regex_replace(OutputIterator out,
        -:  622:                  BidirectionalIterator first, BidirectionalIterator last,
        -:  623:                  const basic_regex<charT, traits>& e,
        -:  624:                  const basic_string<charT, ST, SA>& fmt,
        -:  625:                  regex_constants::match_flag_type flags = regex_constants::match_default);
        -:  626:
        -:  627:template <class OutputIterator, class BidirectionalIterator,
        -:  628:          class traits, class charT>
        -:  629:    OutputIterator
        -:  630:    regex_replace(OutputIterator out,
        -:  631:                  BidirectionalIterator first, BidirectionalIterator last,
        -:  632:                  const basic_regex<charT, traits>& e, const charT* fmt,
        -:  633:                  regex_constants::match_flag_type flags = regex_constants::match_default);
        -:  634:
        -:  635:template <class traits, class charT, class ST, class SA, class FST, class FSA>>
        -:  636:    basic_string<charT, ST, SA>
        -:  637:    regex_replace(const basic_string<charT, ST, SA>& s,
        -:  638:                  const basic_regex<charT, traits>& e,
        -:  639:                  const basic_string<charT, FST, FSA>& fmt,
        -:  640:                  regex_constants::match_flag_type flags = regex_constants::match_default);
        -:  641:
        -:  642:template <class traits, class charT, class ST, class SA>
        -:  643:    basic_string<charT, ST, SA>
        -:  644:    regex_replace(const basic_string<charT, ST, SA>& s,
        -:  645:                  const basic_regex<charT, traits>& e, const charT* fmt,
        -:  646:                  regex_constants::match_flag_type flags = regex_constants::match_default);
        -:  647:
        -:  648:template <class traits, class charT, class ST, class SA>
        -:  649:    basic_string<charT>
        -:  650:    regex_replace(const charT* s,
        -:  651:                  const basic_regex<charT, traits>& e,
        -:  652:                  const basic_string<charT, ST, SA>& fmt,
        -:  653:                  regex_constants::match_flag_type flags = regex_constants::match_default);
        -:  654:
        -:  655:template <class traits, class charT>
        -:  656:    basic_string<charT>
        -:  657:    regex_replace(const charT* s,
        -:  658:                  const basic_regex<charT, traits>& e,
        -:  659:                  const charT* fmt,
        -:  660:                  regex_constants::match_flag_type flags = regex_constants::match_default);
        -:  661:
        -:  662:template <class BidirectionalIterator,
        -:  663:          class charT = typename iterator_traits< BidirectionalIterator>::value_type,
        -:  664:          class traits = regex_traits<charT>>
        -:  665:class regex_iterator
        -:  666:{
        -:  667:public:
        -:  668:    typedef basic_regex<charT, traits>           regex_type;
        -:  669:    typedef match_results<BidirectionalIterator> value_type;
        -:  670:    typedef ptrdiff_t                            difference_type;
        -:  671:    typedef const value_type*                    pointer;
        -:  672:    typedef const value_type&                    reference;
        -:  673:    typedef forward_iterator_tag                 iterator_category;
        -:  674:
        -:  675:    regex_iterator();
        -:  676:    regex_iterator(BidirectionalIterator a, BidirectionalIterator b,
        -:  677:                   const regex_type& re,
        -:  678:                   regex_constants::match_flag_type m = regex_constants::match_default);
        -:  679:    regex_iterator(_BidirectionalIterator __a, _BidirectionalIterator __b,
        -:  680:                   const regex_type&& __re,
        -:  681:                   regex_constants::match_flag_type __m 
        -:  682:                                     = regex_constants::match_default) = delete; // C++14
        -:  683:    regex_iterator(const regex_iterator&);
        -:  684:    regex_iterator& operator=(const regex_iterator&);
        -:  685:
        -:  686:    bool operator==(const regex_iterator&) const;
        -:  687:    bool operator!=(const regex_iterator&) const;
        -:  688:
        -:  689:    const value_type& operator*() const;
        -:  690:    const value_type* operator->() const;
        -:  691:
        -:  692:    regex_iterator& operator++();
        -:  693:    regex_iterator operator++(int);
        -:  694:};
        -:  695:
        -:  696:typedef regex_iterator<const char*>             cregex_iterator;
        -:  697:typedef regex_iterator<const wchar_t*>          wcregex_iterator;
        -:  698:typedef regex_iterator<string::const_iterator>  sregex_iterator;
        -:  699:typedef regex_iterator<wstring::const_iterator> wsregex_iterator;
        -:  700:
        -:  701:template <class BidirectionalIterator,
        -:  702:          class charT = typename iterator_traits< BidirectionalIterator>::value_type,
        -:  703:          class traits = regex_traits<charT>>
        -:  704:class regex_token_iterator
        -:  705:{
        -:  706:public:
        -:  707:    typedef basic_regex<charT, traits>       regex_type;
        -:  708:    typedef sub_match<BidirectionalIterator> value_type;
        -:  709:    typedef ptrdiff_t                        difference_type;
        -:  710:    typedef const value_type*                pointer;
        -:  711:    typedef const value_type&                reference;
        -:  712:    typedef forward_iterator_tag             iterator_category;
        -:  713:
        -:  714:    regex_token_iterator();
        -:  715:    regex_token_iterator(BidirectionalIterator a, BidirectionalIterator b,
        -:  716:                         const regex_type& re, int submatch = 0,
        -:  717:                         regex_constants::match_flag_type m = regex_constants::match_default);
        -:  718:    regex_token_iterator(BidirectionalIterator a, BidirectionalIterator b,
        -:  719:                         const regex_type&& re, int submatch = 0,
        -:  720:                         regex_constants::match_flag_type m = regex_constants::match_default) = delete; // C++14
        -:  721:    regex_token_iterator(BidirectionalIterator a, BidirectionalIterator b,
        -:  722:                         const regex_type& re, const vector<int>& submatches,
        -:  723:                         regex_constants::match_flag_type m = regex_constants::match_default);
        -:  724:    regex_token_iterator(BidirectionalIterator a, BidirectionalIterator b,
        -:  725:                         const regex_type&& re, const vector<int>& submatches,
        -:  726:                         regex_constants::match_flag_type m = regex_constants::match_default) = delete; // C++14
        -:  727:    regex_token_iterator(BidirectionalIterator a, BidirectionalIterator b,
        -:  728:                         const regex_type& re, initializer_list<int> submatches,
        -:  729:                         regex_constants::match_flag_type m = regex_constants::match_default);
        -:  730:    regex_token_iterator(BidirectionalIterator a, BidirectionalIterator b,
        -:  731:                         const regex_type&& re, initializer_list<int> submatches,
        -:  732:                         regex_constants::match_flag_type m = regex_constants::match_default) = delete; // C++14
        -:  733:    template <size_t N>
        -:  734:        regex_token_iterator(BidirectionalIterator a, BidirectionalIterator b,
        -:  735:                             const regex_type& re, const int (&submatches)[N],
        -:  736:                             regex_constants::match_flag_type m = regex_constants::match_default);
        -:  737:    template <size_t N>
        -:  738:        regex_token_iterator(BidirectionalIterator a, BidirectionalIterator b,
        -:  739:                             const regex_type& re, const int (&submatches)[N],
        -:  740:                             regex_constants::match_flag_type m = regex_constants::match_default) = delete // C++14;
        -:  741:    regex_token_iterator(const regex_token_iterator&);
        -:  742:    regex_token_iterator& operator=(const regex_token_iterator&);
        -:  743:
        -:  744:    bool operator==(const regex_token_iterator&) const;
        -:  745:    bool operator!=(const regex_token_iterator&) const;
        -:  746:
        -:  747:    const value_type& operator*() const;
        -:  748:    const value_type* operator->() const;
        -:  749:
        -:  750:    regex_token_iterator& operator++();
        -:  751:    regex_token_iterator operator++(int);
        -:  752:};
        -:  753:
        -:  754:typedef regex_token_iterator<const char*>             cregex_token_iterator;
        -:  755:typedef regex_token_iterator<const wchar_t*>          wcregex_token_iterator;
        -:  756:typedef regex_token_iterator<string::const_iterator>  sregex_token_iterator;
        -:  757:typedef regex_token_iterator<wstring::const_iterator> wsregex_token_iterator;
        -:  758:
        -:  759:} // std
        -:  760:*/
        -:  761:
        -:  762:#include <__config>
        -:  763:#include <stdexcept>
        -:  764:#include <__locale>
        -:  765:#include <initializer_list>
        -:  766:#include <utility>
        -:  767:#include <iterator>
        -:  768:#include <string>
        -:  769:#include <memory>
        -:  770:#include <vector>
        -:  771:#include <deque>
        -:  772:
        -:  773:#if !defined(_LIBCPP_HAS_NO_PRAGMA_SYSTEM_HEADER)
        -:  774:#pragma GCC system_header
        -:  775:#endif
        -:  776:
        -:  777:_LIBCPP_PUSH_MACROS
        -:  778:#include <__undef_macros>
        -:  779:
        -:  780:
        -:  781:#define _LIBCPP_REGEX_COMPLEXITY_FACTOR 4096
        -:  782:
        -:  783:_LIBCPP_BEGIN_NAMESPACE_STD
        -:  784:
        -:  785:namespace regex_constants
        -:  786:{
        -:  787:
        -:  788:// syntax_option_type
        -:  789:
        -:  790:enum syntax_option_type
        -:  791:{
        -:  792:    icase      = 1 << 0,
        -:  793:    nosubs     = 1 << 1,
        -:  794:    optimize   = 1 << 2,
        -:  795:    collate    = 1 << 3,
        -:  796:    ECMAScript = 0,
        -:  797:    basic      = 1 << 4,
        -:  798:    extended   = 1 << 5,
        -:  799:    awk        = 1 << 6,
        -:  800:    grep       = 1 << 7,
        -:  801:    egrep      = 1 << 8
        -:  802:};
        -:  803:
        -:  804:inline _LIBCPP_INLINE_VISIBILITY
        -:  805:_LIBCPP_CONSTEXPR
        -:  806:syntax_option_type
        -:  807:operator~(syntax_option_type __x)
        -:  808:{
        -:  809:    return syntax_option_type(~int(__x) & 0x1FF);
        -:  810:}
        -:  811:
        -:  812:inline _LIBCPP_INLINE_VISIBILITY
        -:  813:_LIBCPP_CONSTEXPR
        -:  814:syntax_option_type
        -:  815:operator&(syntax_option_type __x, syntax_option_type __y)
        -:  816:{
    #####:  817:    return syntax_option_type(int(__x) & int(__y));
        -:  818:}
        -:  819:
        -:  820:inline _LIBCPP_INLINE_VISIBILITY
        -:  821:_LIBCPP_CONSTEXPR
        -:  822:syntax_option_type
        -:  823:operator|(syntax_option_type __x, syntax_option_type __y)
        -:  824:{
    #####:  825:    return syntax_option_type(int(__x) | int(__y));
        -:  826:}
        -:  827:
        -:  828:inline _LIBCPP_INLINE_VISIBILITY
        -:  829:_LIBCPP_CONSTEXPR
        -:  830:syntax_option_type
        -:  831:operator^(syntax_option_type __x, syntax_option_type __y)
        -:  832:{
        -:  833:    return syntax_option_type(int(__x) ^ int(__y));
        -:  834:}
        -:  835:
        -:  836:inline _LIBCPP_INLINE_VISIBILITY
        -:  837:syntax_option_type&
        -:  838:operator&=(syntax_option_type& __x, syntax_option_type __y)
        -:  839:{
        -:  840:    __x = __x & __y;
        -:  841:    return __x;
        -:  842:}
        -:  843:
        -:  844:inline _LIBCPP_INLINE_VISIBILITY
        -:  845:syntax_option_type&
        -:  846:operator|=(syntax_option_type& __x, syntax_option_type __y)
        -:  847:{
    #####:  848:    __x = __x | __y;
    #####:  849:    return __x;
        -:  850:}
        -:  851:
        -:  852:inline _LIBCPP_INLINE_VISIBILITY
        -:  853:syntax_option_type&
        -:  854:operator^=(syntax_option_type& __x, syntax_option_type __y)
        -:  855:{
        -:  856:    __x = __x ^ __y;
        -:  857:    return __x;
        -:  858:}
        -:  859:
        -:  860:// match_flag_type
        -:  861:
        -:  862:enum match_flag_type
        -:  863:{
        -:  864:    match_default     = 0,
        -:  865:    match_not_bol     = 1 << 0,
        -:  866:    match_not_eol     = 1 << 1,
        -:  867:    match_not_bow     = 1 << 2,
        -:  868:    match_not_eow     = 1 << 3,
        -:  869:    match_any         = 1 << 4,
        -:  870:    match_not_null    = 1 << 5,
        -:  871:    match_continuous  = 1 << 6,
        -:  872:    match_prev_avail  = 1 << 7,
        -:  873:    format_default    = 0,
        -:  874:    format_sed        = 1 << 8,
        -:  875:    format_no_copy    = 1 << 9,
        -:  876:    format_first_only = 1 << 10,
        -:  877:    __no_update_pos   = 1 << 11,
        -:  878:    __full_match      = 1 << 12
        -:  879:};
        -:  880:
        -:  881:inline _LIBCPP_INLINE_VISIBILITY
        -:  882:_LIBCPP_CONSTEXPR
        -:  883:match_flag_type
        -:  884:operator~(match_flag_type __x)
        -:  885:{
    #####:  886:    return match_flag_type(~int(__x) & 0x0FFF);
        -:  887:}
        -:  888:
        -:  889:inline _LIBCPP_INLINE_VISIBILITY
        -:  890:_LIBCPP_CONSTEXPR
        -:  891:match_flag_type
        -:  892:operator&(match_flag_type __x, match_flag_type __y)
        -:  893:{
    #####:  894:    return match_flag_type(int(__x) & int(__y));
        -:  895:}
        -:  896:
        -:  897:inline _LIBCPP_INLINE_VISIBILITY
        -:  898:_LIBCPP_CONSTEXPR
        -:  899:match_flag_type
        -:  900:operator|(match_flag_type __x, match_flag_type __y)
        -:  901:{
    #####:  902:    return match_flag_type(int(__x) | int(__y));
        -:  903:}
        -:  904:
        -:  905:inline _LIBCPP_INLINE_VISIBILITY
        -:  906:_LIBCPP_CONSTEXPR
        -:  907:match_flag_type
        -:  908:operator^(match_flag_type __x, match_flag_type __y)
        -:  909:{
        -:  910:    return match_flag_type(int(__x) ^ int(__y));
        -:  911:}
        -:  912:
        -:  913:inline _LIBCPP_INLINE_VISIBILITY
        -:  914:match_flag_type&
        -:  915:operator&=(match_flag_type& __x, match_flag_type __y)
        -:  916:{
        -:  917:    __x = __x & __y;
        -:  918:    return __x;
        -:  919:}
        -:  920:
        -:  921:inline _LIBCPP_INLINE_VISIBILITY
        -:  922:match_flag_type&
        -:  923:operator|=(match_flag_type& __x, match_flag_type __y)
        -:  924:{
    #####:  925:    __x = __x | __y;
    #####:  926:    return __x;
        -:  927:}
        -:  928:
        -:  929:inline _LIBCPP_INLINE_VISIBILITY
        -:  930:match_flag_type&
        -:  931:operator^=(match_flag_type& __x, match_flag_type __y)
        -:  932:{
        -:  933:    __x = __x ^ __y;
        -:  934:    return __x;
        -:  935:}
        -:  936:
        -:  937:enum error_type
        -:  938:{
        -:  939:    error_collate = 1,
        -:  940:    error_ctype,
        -:  941:    error_escape,
        -:  942:    error_backref,
        -:  943:    error_brack,
        -:  944:    error_paren,
        -:  945:    error_brace,
        -:  946:    error_badbrace,
        -:  947:    error_range,
        -:  948:    error_space,
        -:  949:    error_badrepeat,
        -:  950:    error_complexity,
        -:  951:    error_stack,
        -:  952:    __re_err_grammar,
        -:  953:    __re_err_empty,
        -:  954:    __re_err_unknown
        -:  955:};
        -:  956:
        -:  957:}  // regex_constants
        -:  958:
        -:  959:class _LIBCPP_EXCEPTION_ABI regex_error
        -:  960:    : public runtime_error
        -:  961:{
        -:  962:    regex_constants::error_type __code_;
        -:  963:public:
        -:  964:    explicit regex_error(regex_constants::error_type __ecode);
        -:  965:    virtual ~regex_error() throw();
        -:  966:     _LIBCPP_INLINE_VISIBILITY
        -:  967:    regex_constants::error_type code() const {return __code_;}
        -:  968:};
        -:  969:
        -:  970:template <regex_constants::error_type _Ev>
        -:  971:_LIBCPP_NORETURN inline _LIBCPP_INLINE_VISIBILITY
        -:  972:void __throw_regex_error()
        -:  973:{
        -:  974:#ifndef _LIBCPP_NO_EXCEPTIONS
    #####:  975:    throw regex_error(_Ev);
        -:  976:#else
        -:  977:    _VSTD::abort();
        -:  978:#endif
    #####:  979:}
        -:  980:
        -:  981:template <class _CharT>
    #####:  982:struct _LIBCPP_TEMPLATE_VIS regex_traits
        -:  983:{
        -:  984:public:
        -:  985:    typedef _CharT                  char_type;
        -:  986:    typedef basic_string<char_type> string_type;
        -:  987:    typedef locale                  locale_type;
        -:  988:    typedef ctype_base::mask        char_class_type;
        -:  989:
        -:  990:#if defined(__mips__) && defined(__GLIBC__)
        -:  991:    static const char_class_type __regex_word = static_cast<char_class_type>(_ISbit(15));
        -:  992:#else
        -:  993:    static const char_class_type __regex_word = 0x80;
        -:  994:#endif
        -:  995:
        -:  996:private:
        -:  997:    locale __loc_;
        -:  998:    const ctype<char_type>* __ct_;
        -:  999:    const collate<char_type>* __col_;
        -: 1000:
        -: 1001:public:
    #####: 1002:    regex_traits();
        -: 1003:
        -: 1004:    _LIBCPP_INLINE_VISIBILITY
        -: 1005:    static size_t length(const char_type* __p)
        -: 1006:        {return char_traits<char_type>::length(__p);}
        -: 1007:    _LIBCPP_INLINE_VISIBILITY
    #####: 1008:    char_type translate(char_type __c) const {return __c;}
        -: 1009:    char_type translate_nocase(char_type __c) const;
        -: 1010:    template <class _ForwardIterator>
        -: 1011:        string_type
        -: 1012:        transform(_ForwardIterator __f, _ForwardIterator __l) const;
        -: 1013:    template <class _ForwardIterator>
        -: 1014:        _LIBCPP_INLINE_VISIBILITY
        -: 1015:        string_type
        -: 1016:        transform_primary( _ForwardIterator __f, _ForwardIterator __l) const
    #####: 1017:            {return __transform_primary(__f, __l, char_type());}
        -: 1018:    template <class _ForwardIterator>
        -: 1019:        _LIBCPP_INLINE_VISIBILITY
        -: 1020:        string_type
        -: 1021:        lookup_collatename(_ForwardIterator __f, _ForwardIterator __l) const
    #####: 1022:            {return __lookup_collatename(__f, __l, char_type());}
        -: 1023:    template <class _ForwardIterator>
        -: 1024:        _LIBCPP_INLINE_VISIBILITY
        -: 1025:        char_class_type
        -: 1026:        lookup_classname(_ForwardIterator __f, _ForwardIterator __l,
        -: 1027:                         bool __icase = false) const
    #####: 1028:            {return __lookup_classname(__f, __l, __icase, char_type());}
        -: 1029:    bool isctype(char_type __c, char_class_type __m) const;
        -: 1030:    _LIBCPP_INLINE_VISIBILITY
        -: 1031:    int value(char_type __ch, int __radix) const
    #####: 1032:        {return __regex_traits_value(__ch, __radix);}
        -: 1033:    locale_type imbue(locale_type __l);
        -: 1034:    _LIBCPP_INLINE_VISIBILITY
    #####: 1035:    locale_type getloc()const {return __loc_;}
        -: 1036:
        -: 1037:private:
        -: 1038:    void __init();
        -: 1039:
        -: 1040:    template <class _ForwardIterator>
        -: 1041:        string_type
        -: 1042:        __transform_primary(_ForwardIterator __f, _ForwardIterator __l, char) const;
        -: 1043:    template <class _ForwardIterator>
        -: 1044:        string_type
        -: 1045:        __transform_primary(_ForwardIterator __f, _ForwardIterator __l, wchar_t) const;
        -: 1046:
        -: 1047:    template <class _ForwardIterator>
        -: 1048:        string_type
        -: 1049:        __lookup_collatename(_ForwardIterator __f, _ForwardIterator __l, char) const;
        -: 1050:    template <class _ForwardIterator>
        -: 1051:        string_type
        -: 1052:        __lookup_collatename(_ForwardIterator __f, _ForwardIterator __l, wchar_t) const;
        -: 1053:
        -: 1054:    template <class _ForwardIterator>
        -: 1055:        char_class_type
        -: 1056:        __lookup_classname(_ForwardIterator __f, _ForwardIterator __l,
        -: 1057:                           bool __icase, char) const;
        -: 1058:    template <class _ForwardIterator>
        -: 1059:        char_class_type
        -: 1060:        __lookup_classname(_ForwardIterator __f, _ForwardIterator __l,
        -: 1061:                           bool __icase, wchar_t) const;
        -: 1062:
        -: 1063:    static int __regex_traits_value(unsigned char __ch, int __radix);
        -: 1064:    _LIBCPP_INLINE_VISIBILITY
        -: 1065:    int __regex_traits_value(char __ch, int __radix) const
    #####: 1066:        {return __regex_traits_value(static_cast<unsigned char>(__ch), __radix);}
        -: 1067:    _LIBCPP_INLINE_VISIBILITY
        -: 1068:    int __regex_traits_value(wchar_t __ch, int __radix) const;
        -: 1069:};
        -: 1070:
        -: 1071:template <class _CharT>
        -: 1072:const typename regex_traits<_CharT>::char_class_type
        -: 1073:regex_traits<_CharT>::__regex_word;
        -: 1074:
        -: 1075:template <class _CharT>
        -: 1076:regex_traits<_CharT>::regex_traits()
    #####: 1077:{
    #####: 1078:    __init();
    #####: 1079:}
        -: 1080:
        -: 1081:template <class _CharT>
        -: 1082:typename regex_traits<_CharT>::char_type
        -: 1083:regex_traits<_CharT>::translate_nocase(char_type __c) const
        -: 1084:{
    #####: 1085:    return __ct_->tolower(__c);
        -: 1086:}
        -: 1087:
        -: 1088:template <class _CharT>
        -: 1089:template <class _ForwardIterator>
        -: 1090:typename regex_traits<_CharT>::string_type
        -: 1091:regex_traits<_CharT>::transform(_ForwardIterator __f, _ForwardIterator __l) const
        -: 1092:{
    #####: 1093:    string_type __s(__f, __l);
    #####: 1094:    return __col_->transform(__s.data(), __s.data() + __s.size());
    #####: 1095:}
        -: 1096:
        -: 1097:template <class _CharT>
        -: 1098:void
        -: 1099:regex_traits<_CharT>::__init()
        -: 1100:{
    #####: 1101:    __ct_ = &use_facet<ctype<char_type> >(__loc_);
    #####: 1102:    __col_ = &use_facet<collate<char_type> >(__loc_);
    #####: 1103:}
        -: 1104:
        -: 1105:template <class _CharT>
        -: 1106:typename regex_traits<_CharT>::locale_type
        -: 1107:regex_traits<_CharT>::imbue(locale_type __l)
        -: 1108:{
        -: 1109:    locale __r = __loc_;
        -: 1110:    __loc_ = __l;
        -: 1111:    __init();
        -: 1112:    return __r;
        -: 1113:}
        -: 1114:
        -: 1115:// transform_primary is very FreeBSD-specific
        -: 1116:
        -: 1117:template <class _CharT>
        -: 1118:template <class _ForwardIterator>
        -: 1119:typename regex_traits<_CharT>::string_type
        -: 1120:regex_traits<_CharT>::__transform_primary(_ForwardIterator __f,
        -: 1121:                                          _ForwardIterator __l, char) const
        -: 1122:{
    #####: 1123:    const string_type __s(__f, __l);
    #####: 1124:    string_type __d = __col_->transform(__s.data(), __s.data() + __s.size());
    #####: 1125:    switch (__d.size())
        -: 1126:    {
        -: 1127:    case 1:
    #####: 1128:        break;
        -: 1129:    case 12:
    #####: 1130:        __d[11] = __d[3];
    #####: 1131:        break;
        -: 1132:    default:
    #####: 1133:        __d.clear();
    #####: 1134:        break;
        -: 1135:    }
    #####: 1136:    return __d;
    #####: 1137:}
        -: 1138:
        -: 1139:template <class _CharT>
        -: 1140:template <class _ForwardIterator>
        -: 1141:typename regex_traits<_CharT>::string_type
        -: 1142:regex_traits<_CharT>::__transform_primary(_ForwardIterator __f,
        -: 1143:                                          _ForwardIterator __l, wchar_t) const
        -: 1144:{
        -: 1145:    const string_type __s(__f, __l);
        -: 1146:    string_type __d = __col_->transform(__s.data(), __s.data() + __s.size());
        -: 1147:    switch (__d.size())
        -: 1148:    {
        -: 1149:    case 1:
        -: 1150:        break;
        -: 1151:    case 3:
        -: 1152:        __d[2] = __d[0];
        -: 1153:        break;
        -: 1154:    default:
        -: 1155:        __d.clear();
        -: 1156:        break;
        -: 1157:    }
        -: 1158:    return __d;
        -: 1159:}
        -: 1160:
        -: 1161:// lookup_collatename is very FreeBSD-specific
        -: 1162:
        -: 1163:_LIBCPP_FUNC_VIS string __get_collation_name(const char* __s);
        -: 1164:
        -: 1165:template <class _CharT>
        -: 1166:template <class _ForwardIterator>
        -: 1167:typename regex_traits<_CharT>::string_type
        -: 1168:regex_traits<_CharT>::__lookup_collatename(_ForwardIterator __f,
        -: 1169:                                           _ForwardIterator __l, char) const
        -: 1170:{
    #####: 1171:    string_type __s(__f, __l);
    #####: 1172:    string_type __r;
    #####: 1173:    if (!__s.empty())
        -: 1174:    {
    #####: 1175:        __r = __get_collation_name(__s.c_str());
    #####: 1176:        if (__r.empty() && __s.size() <= 2)
        -: 1177:        {
    #####: 1178:            __r = __col_->transform(__s.data(), __s.data() + __s.size());
    #####: 1179:            if (__r.size() == 1 || __r.size() == 12)
    #####: 1180:                __r = __s;
        -: 1181:            else
    #####: 1182:                __r.clear();
    #####: 1183:        }
    #####: 1184:    }
    #####: 1185:    return __r;
    #####: 1186:}
        -: 1187:
        -: 1188:template <class _CharT>
        -: 1189:template <class _ForwardIterator>
        -: 1190:typename regex_traits<_CharT>::string_type
        -: 1191:regex_traits<_CharT>::__lookup_collatename(_ForwardIterator __f,
        -: 1192:                                           _ForwardIterator __l, wchar_t) const
        -: 1193:{
        -: 1194:    string_type __s(__f, __l);
        -: 1195:    string __n;
        -: 1196:    __n.reserve(__s.size());
        -: 1197:    for (typename string_type::const_iterator __i = __s.begin(), __e = __s.end();
        -: 1198:                                                              __i != __e; ++__i)
        -: 1199:    {
        -: 1200:        if (static_cast<unsigned>(*__i) >= 127)
        -: 1201:            return string_type();
        -: 1202:        __n.push_back(char(*__i));
        -: 1203:    }
        -: 1204:    string_type __r;
        -: 1205:    if (!__s.empty())
        -: 1206:    {
        -: 1207:        __n = __get_collation_name(__n.c_str());
        -: 1208:        if (!__n.empty())
        -: 1209:            __r.assign(__n.begin(), __n.end());
        -: 1210:        else if (__s.size() <= 2)
        -: 1211:        {
        -: 1212:            __r = __col_->transform(__s.data(), __s.data() + __s.size());
        -: 1213:            if (__r.size() == 1 || __r.size() == 3)
        -: 1214:                __r = __s;
        -: 1215:            else
        -: 1216:                __r.clear();
        -: 1217:        }
        -: 1218:    }
        -: 1219:    return __r;
        -: 1220:}
        -: 1221:
        -: 1222:// lookup_classname
        -: 1223:
        -: 1224:regex_traits<char>::char_class_type _LIBCPP_FUNC_VIS
        -: 1225:__get_classname(const char* __s, bool __icase);
        -: 1226:
        -: 1227:template <class _CharT>
        -: 1228:template <class _ForwardIterator>
        -: 1229:typename regex_traits<_CharT>::char_class_type
        -: 1230:regex_traits<_CharT>::__lookup_classname(_ForwardIterator __f,
        -: 1231:                                         _ForwardIterator __l,
        -: 1232:                                         bool __icase, char) const
        -: 1233:{
    #####: 1234:    string_type __s(__f, __l);
    #####: 1235:    __ct_->tolower(&__s[0], &__s[0] + __s.size());
    #####: 1236:    return __get_classname(__s.c_str(), __icase);
    #####: 1237:}
        -: 1238:
        -: 1239:template <class _CharT>
        -: 1240:template <class _ForwardIterator>
        -: 1241:typename regex_traits<_CharT>::char_class_type
        -: 1242:regex_traits<_CharT>::__lookup_classname(_ForwardIterator __f,
        -: 1243:                                         _ForwardIterator __l,
        -: 1244:                                         bool __icase, wchar_t) const
        -: 1245:{
        -: 1246:    string_type __s(__f, __l);
        -: 1247:    __ct_->tolower(&__s[0], &__s[0] + __s.size());
        -: 1248:    string __n;
        -: 1249:    __n.reserve(__s.size());
        -: 1250:    for (typename string_type::const_iterator __i = __s.begin(), __e = __s.end();
        -: 1251:                                                              __i != __e; ++__i)
        -: 1252:    {
        -: 1253:        if (static_cast<unsigned>(*__i) >= 127)
        -: 1254:            return char_class_type();
        -: 1255:        __n.push_back(char(*__i));
        -: 1256:    }
        -: 1257:    return __get_classname(__n.c_str(), __icase);
        -: 1258:}
        -: 1259:
        -: 1260:template <class _CharT>
        -: 1261:bool
        -: 1262:regex_traits<_CharT>::isctype(char_type __c, char_class_type __m) const
        -: 1263:{
    #####: 1264:    if (__ct_->is(__m, __c))
    #####: 1265:        return true;
    #####: 1266:    return (__c == '_' && (__m & __regex_word));
    #####: 1267:}
        -: 1268:
        -: 1269:template <class _CharT>
        -: 1270:int
        -: 1271:regex_traits<_CharT>::__regex_traits_value(unsigned char __ch, int __radix)
        -: 1272:{
    #####: 1273:    if ((__ch & 0xF8u) == 0x30)  // '0' <= __ch && __ch <= '7'
    #####: 1274:        return __ch - '0';
    #####: 1275:    if (__radix != 8)
        -: 1276:    {
    #####: 1277:        if ((__ch & 0xFEu) == 0x38)  // '8' <= __ch && __ch <= '9'
    #####: 1278:            return __ch - '0';
    #####: 1279:        if (__radix == 16)
        -: 1280:        {
    #####: 1281:            __ch |= 0x20;  // tolower
    #####: 1282:            if ('a' <= __ch && __ch <= 'f')
    #####: 1283:                return __ch - ('a' - 10);
    #####: 1284:        }
    #####: 1285:    }
    #####: 1286:    return -1;
    #####: 1287:}
        -: 1288:
        -: 1289:template <class _CharT>
        -: 1290:inline
        -: 1291:int
        -: 1292:regex_traits<_CharT>::__regex_traits_value(wchar_t __ch, int __radix) const
        -: 1293:{
        -: 1294:    return __regex_traits_value(static_cast<unsigned char>(__ct_->narrow(__ch, char_type())), __radix);
        -: 1295:}
        -: 1296:
        -: 1297:template <class _CharT> class __node;
        -: 1298:
        -: 1299:template <class _BidirectionalIterator> class _LIBCPP_TEMPLATE_VIS sub_match;
        -: 1300:
        -: 1301:template <class _BidirectionalIterator,
        -: 1302:          class _Allocator = allocator<sub_match<_BidirectionalIterator> > >
        -: 1303:class _LIBCPP_TEMPLATE_VIS match_results;
        -: 1304:
        -: 1305:template <class _CharT>
    #####: 1306:struct __state
        -: 1307:{
        -: 1308:    enum
        -: 1309:    {
        -: 1310:        __end_state = -1000,
        -: 1311:        __consume_input,  // -999
        -: 1312:        __begin_marked_expr, // -998
        -: 1313:        __end_marked_expr,   // -997
        -: 1314:        __pop_state,           // -996
        -: 1315:        __accept_and_consume,  // -995
        -: 1316:        __accept_but_not_consume,  // -994
        -: 1317:        __reject,                  // -993
        -: 1318:        __split,
        -: 1319:        __repeat
        -: 1320:    };
        -: 1321:
        -: 1322:    int __do_;
        -: 1323:    const _CharT* __first_;
        -: 1324:    const _CharT* __current_;
        -: 1325:    const _CharT* __last_;
        -: 1326:    vector<sub_match<const _CharT*> > __sub_matches_;
        -: 1327:    vector<pair<size_t, const _CharT*> > __loop_data_;
        -: 1328:    const __node<_CharT>* __node_;
        -: 1329:    regex_constants::match_flag_type __flags_;
        -: 1330:    bool __at_first_;
        -: 1331:
        -: 1332:    _LIBCPP_INLINE_VISIBILITY
    #####: 1333:    __state()
    #####: 1334:        : __do_(0), __first_(nullptr), __current_(nullptr), __last_(nullptr),
    #####: 1335:          __node_(nullptr), __flags_() {}
        -: 1336:};
        -: 1337:
        -: 1338:// __node
        -: 1339:
        -: 1340:template <class _CharT>
        -: 1341:class __node
        -: 1342:{
        -: 1343:    __node(const __node&);
        -: 1344:    __node& operator=(const __node&);
        -: 1345:public:
        -: 1346:    typedef _VSTD::__state<_CharT> __state;
        -: 1347:
        -: 1348:    _LIBCPP_INLINE_VISIBILITY
    #####: 1349:    __node() {}
        -: 1350:    _LIBCPP_INLINE_VISIBILITY
    #####: 1351:    virtual ~__node() {}
        -: 1352:
        -: 1353:    _LIBCPP_INLINE_VISIBILITY
    #####: 1354:    virtual void __exec(__state&) const {};
        -: 1355:    _LIBCPP_INLINE_VISIBILITY
    #####: 1356:    virtual void __exec_split(bool, __state&) const {};
        -: 1357:};
        -: 1358:
        -: 1359:// __end_state
        -: 1360:
        -: 1361:template <class _CharT>
    #####: 1362:class __end_state
        -: 1363:    : public __node<_CharT>
        -: 1364:{
        -: 1365:public:
        -: 1366:    typedef _VSTD::__state<_CharT> __state;
        -: 1367:
        -: 1368:    _LIBCPP_INLINE_VISIBILITY
    #####: 1369:    __end_state() {}
        -: 1370:
        -: 1371:    virtual void __exec(__state&) const;
        -: 1372:};
        -: 1373:
        -: 1374:template <class _CharT>
        -: 1375:void
        -: 1376:__end_state<_CharT>::__exec(__state& __s) const
        -: 1377:{
    #####: 1378:    __s.__do_ = __state::__end_state;
    #####: 1379:}
        -: 1380:
        -: 1381:// __has_one_state
        -: 1382:
        -: 1383:template <class _CharT>
    #####: 1384:class __has_one_state
        -: 1385:    : public __node<_CharT>
        -: 1386:{
        -: 1387:    __node<_CharT>* __first_;
        -: 1388:
        -: 1389:public:
        -: 1390:    _LIBCPP_INLINE_VISIBILITY
    #####: 1391:    explicit __has_one_state(__node<_CharT>* __s)
    #####: 1392:        : __first_(__s) {}
        -: 1393:
        -: 1394:    _LIBCPP_INLINE_VISIBILITY
    #####: 1395:    __node<_CharT>*  first() const {return __first_;}
        -: 1396:    _LIBCPP_INLINE_VISIBILITY
    #####: 1397:    __node<_CharT>*& first()       {return __first_;}
        -: 1398:};
        -: 1399:
        -: 1400:// __owns_one_state
        -: 1401:
        -: 1402:template <class _CharT>
        -: 1403:class __owns_one_state
        -: 1404:    : public __has_one_state<_CharT>
        -: 1405:{
        -: 1406:    typedef __has_one_state<_CharT> base;
        -: 1407:
        -: 1408:public:
        -: 1409:    _LIBCPP_INLINE_VISIBILITY
        -: 1410:    explicit __owns_one_state(__node<_CharT>* __s)
    #####: 1411:        : base(__s) {}
        -: 1412:
        -: 1413:    virtual ~__owns_one_state();
        -: 1414:};
        -: 1415:
        -: 1416:template <class _CharT>
        -: 1417:__owns_one_state<_CharT>::~__owns_one_state()
    #####: 1418:{
    #####: 1419:    delete this->first();
    #####: 1420:}
        -: 1421:
        -: 1422:// __empty_state
        -: 1423:
        -: 1424:template <class _CharT>
    #####: 1425:class __empty_state
        -: 1426:    : public __owns_one_state<_CharT>
        -: 1427:{
        -: 1428:    typedef __owns_one_state<_CharT> base;
        -: 1429:
        -: 1430:public:
        -: 1431:    typedef _VSTD::__state<_CharT> __state;
        -: 1432:
        -: 1433:    _LIBCPP_INLINE_VISIBILITY
        -: 1434:    explicit __empty_state(__node<_CharT>* __s)
    #####: 1435:        : base(__s) {}
        -: 1436:
        -: 1437:    virtual void __exec(__state&) const;
        -: 1438:};
        -: 1439:
        -: 1440:template <class _CharT>
        -: 1441:void
        -: 1442:__empty_state<_CharT>::__exec(__state& __s) const
        -: 1443:{
    #####: 1444:    __s.__do_ = __state::__accept_but_not_consume;
    #####: 1445:    __s.__node_ = this->first();
    #####: 1446:}
        -: 1447:
        -: 1448:// __empty_non_own_state
        -: 1449:
        -: 1450:template <class _CharT>
    #####: 1451:class __empty_non_own_state
        -: 1452:    : public __has_one_state<_CharT>
        -: 1453:{
        -: 1454:    typedef __has_one_state<_CharT> base;
        -: 1455:
        -: 1456:public:
        -: 1457:    typedef _VSTD::__state<_CharT> __state;
        -: 1458:
        -: 1459:    _LIBCPP_INLINE_VISIBILITY
        -: 1460:    explicit __empty_non_own_state(__node<_CharT>* __s)
    #####: 1461:        : base(__s) {}
        -: 1462:
        -: 1463:    virtual void __exec(__state&) const;
        -: 1464:};
        -: 1465:
        -: 1466:template <class _CharT>
        -: 1467:void
        -: 1468:__empty_non_own_state<_CharT>::__exec(__state& __s) const
        -: 1469:{
    #####: 1470:    __s.__do_ = __state::__accept_but_not_consume;
    #####: 1471:    __s.__node_ = this->first();
    #####: 1472:}
        -: 1473:
        -: 1474:// __repeat_one_loop
        -: 1475:
        -: 1476:template <class _CharT>
    #####: 1477:class __repeat_one_loop
        -: 1478:    : public __has_one_state<_CharT>
        -: 1479:{
        -: 1480:    typedef __has_one_state<_CharT> base;
        -: 1481:
        -: 1482:public:
        -: 1483:    typedef _VSTD::__state<_CharT> __state;
        -: 1484:
        -: 1485:    _LIBCPP_INLINE_VISIBILITY
        -: 1486:    explicit __repeat_one_loop(__node<_CharT>* __s)
    #####: 1487:        : base(__s) {}
        -: 1488:
        -: 1489:    virtual void __exec(__state&) const;
        -: 1490:};
        -: 1491:
        -: 1492:template <class _CharT>
        -: 1493:void
        -: 1494:__repeat_one_loop<_CharT>::__exec(__state& __s) const
        -: 1495:{
    #####: 1496:    __s.__do_ = __state::__repeat;
    #####: 1497:    __s.__node_ = this->first();
    #####: 1498:}
        -: 1499:
        -: 1500:// __owns_two_states
        -: 1501:
        -: 1502:template <class _CharT>
        -: 1503:class __owns_two_states
        -: 1504:    : public __owns_one_state<_CharT>
        -: 1505:{
        -: 1506:    typedef __owns_one_state<_CharT> base;
        -: 1507:
        -: 1508:    base* __second_;
        -: 1509:
        -: 1510:public:
        -: 1511:    _LIBCPP_INLINE_VISIBILITY
        -: 1512:    explicit __owns_two_states(__node<_CharT>* __s1, base* __s2)
    #####: 1513:        : base(__s1), __second_(__s2) {}
        -: 1514:
        -: 1515:    virtual ~__owns_two_states();
        -: 1516:
        -: 1517:    _LIBCPP_INLINE_VISIBILITY
    #####: 1518:    base*  second() const {return __second_;}
        -: 1519:    _LIBCPP_INLINE_VISIBILITY
    #####: 1520:    base*& second()       {return __second_;}
        -: 1521:};
        -: 1522:
        -: 1523:template <class _CharT>
        -: 1524:__owns_two_states<_CharT>::~__owns_two_states()
    #####: 1525:{
    #####: 1526:    delete __second_;
    #####: 1527:}
        -: 1528:
        -: 1529:// __loop
        -: 1530:
        -: 1531:template <class _CharT>
    #####: 1532:class __loop
        -: 1533:    : public __owns_two_states<_CharT>
        -: 1534:{
        -: 1535:    typedef __owns_two_states<_CharT> base;
        -: 1536:
        -: 1537:    size_t __min_;
        -: 1538:    size_t __max_;
        -: 1539:    unsigned __loop_id_;
        -: 1540:    unsigned __mexp_begin_;
        -: 1541:    unsigned __mexp_end_;
        -: 1542:    bool __greedy_;
        -: 1543:
        -: 1544:public:
        -: 1545:    typedef _VSTD::__state<_CharT> __state;
        -: 1546:
        -: 1547:    _LIBCPP_INLINE_VISIBILITY
        -: 1548:    explicit __loop(unsigned __loop_id,
        -: 1549:                          __node<_CharT>* __s1, __owns_one_state<_CharT>* __s2,
        -: 1550:                          unsigned __mexp_begin, unsigned __mexp_end,
        -: 1551:                          bool __greedy = true,
        -: 1552:                          size_t __min = 0,
        -: 1553:                          size_t __max = numeric_limits<size_t>::max())
    #####: 1554:        : base(__s1, __s2), __min_(__min), __max_(__max), __loop_id_(__loop_id),
    #####: 1555:          __mexp_begin_(__mexp_begin), __mexp_end_(__mexp_end),
    #####: 1556:          __greedy_(__greedy) {}
        -: 1557:
        -: 1558:    virtual void __exec(__state& __s) const;
        -: 1559:    virtual void __exec_split(bool __second, __state& __s) const;
        -: 1560:
        -: 1561:private:
        -: 1562:    _LIBCPP_INLINE_VISIBILITY
        -: 1563:    void __init_repeat(__state& __s) const
        -: 1564:    {
    #####: 1565:        __s.__loop_data_[__loop_id_].second = __s.__current_;
    #####: 1566:        for (size_t __i = __mexp_begin_-1; __i != __mexp_end_-1; ++__i)
        -: 1567:        {
    #####: 1568:            __s.__sub_matches_[__i].first = __s.__last_;
    #####: 1569:            __s.__sub_matches_[__i].second = __s.__last_;
    #####: 1570:            __s.__sub_matches_[__i].matched = false;
    #####: 1571:        }
    #####: 1572:    }
        -: 1573:};
        -: 1574:
        -: 1575:template <class _CharT>
        -: 1576:void
        -: 1577:__loop<_CharT>::__exec(__state& __s) const
        -: 1578:{
    #####: 1579:    if (__s.__do_ == __state::__repeat)
        -: 1580:    {
    #####: 1581:        bool __do_repeat = ++__s.__loop_data_[__loop_id_].first < __max_;
    #####: 1582:        bool __do_alt = __s.__loop_data_[__loop_id_].first >= __min_;
    #####: 1583:        if (__do_repeat && __do_alt &&
    #####: 1584:                               __s.__loop_data_[__loop_id_].second == __s.__current_)
    #####: 1585:            __do_repeat = false;
    #####: 1586:        if (__do_repeat && __do_alt)
    #####: 1587:            __s.__do_ = __state::__split;
    #####: 1588:        else if (__do_repeat)
        -: 1589:        {
    #####: 1590:            __s.__do_ = __state::__accept_but_not_consume;
    #####: 1591:            __s.__node_ = this->first();
    #####: 1592:            __init_repeat(__s);
    #####: 1593:        }
        -: 1594:        else
        -: 1595:        {
    #####: 1596:            __s.__do_ = __state::__accept_but_not_consume;
    #####: 1597:            __s.__node_ = this->second();
        -: 1598:        }
    #####: 1599:    }
        -: 1600:    else
        -: 1601:    {
    #####: 1602:        __s.__loop_data_[__loop_id_].first = 0;
    #####: 1603:        bool __do_repeat = 0 < __max_;
    #####: 1604:        bool __do_alt = 0 >= __min_;
    #####: 1605:        if (__do_repeat && __do_alt)
    #####: 1606:            __s.__do_ = __state::__split;
    #####: 1607:        else if (__do_repeat)
        -: 1608:        {
    #####: 1609:            __s.__do_ = __state::__accept_but_not_consume;
    #####: 1610:            __s.__node_ = this->first();
    #####: 1611:            __init_repeat(__s);
    #####: 1612:        }
        -: 1613:        else
        -: 1614:        {
    #####: 1615:            __s.__do_ = __state::__accept_but_not_consume;
    #####: 1616:            __s.__node_ = this->second();
        -: 1617:        }
        -: 1618:    }
    #####: 1619:}
        -: 1620:
        -: 1621:template <class _CharT>
        -: 1622:void
        -: 1623:__loop<_CharT>::__exec_split(bool __second, __state& __s) const
        -: 1624:{
    #####: 1625:    __s.__do_ = __state::__accept_but_not_consume;
    #####: 1626:    if (__greedy_ != __second)
        -: 1627:    {
    #####: 1628:        __s.__node_ = this->first();
    #####: 1629:        __init_repeat(__s);
    #####: 1630:    }
        -: 1631:    else
    #####: 1632:        __s.__node_ = this->second();
    #####: 1633:}
        -: 1634:
        -: 1635:// __alternate
        -: 1636:
        -: 1637:template <class _CharT>
    #####: 1638:class __alternate
        -: 1639:    : public __owns_two_states<_CharT>
        -: 1640:{
        -: 1641:    typedef __owns_two_states<_CharT> base;
        -: 1642:
        -: 1643:public:
        -: 1644:    typedef _VSTD::__state<_CharT> __state;
        -: 1645:
        -: 1646:    _LIBCPP_INLINE_VISIBILITY
        -: 1647:    explicit __alternate(__owns_one_state<_CharT>* __s1,
        -: 1648:                         __owns_one_state<_CharT>* __s2)
    #####: 1649:        : base(__s1, __s2) {}
        -: 1650:
        -: 1651:    virtual void __exec(__state& __s) const;
        -: 1652:    virtual void __exec_split(bool __second, __state& __s) const;
        -: 1653:};
        -: 1654:
        -: 1655:template <class _CharT>
        -: 1656:void
        -: 1657:__alternate<_CharT>::__exec(__state& __s) const
        -: 1658:{
    #####: 1659:    __s.__do_ = __state::__split;
    #####: 1660:}
        -: 1661:
[...]
        -: 6242:                         const regex_type& __re, int __submatch = 0,
        -: 6243:                         regex_constants::match_flag_type __m =
        -: 6244:                                                regex_constants::match_default);
        -: 6245:#if _LIBCPP_STD_VER > 11
        -: 6246:    regex_token_iterator(_BidirectionalIterator __a, _BidirectionalIterator __b,
        -: 6247:                         const regex_type&& __re, int __submatch = 0,
        -: 6248:                         regex_constants::match_flag_type __m =
        -: 6249:                                       regex_constants::match_default) = delete;
        -: 6250:#endif
        -: 6251:
        -: 6252:    regex_token_iterator(_BidirectionalIterator __a, _BidirectionalIterator __b,
        -: 6253:                         const regex_type& __re, const vector<int>& __submatches,
        -: 6254:                         regex_constants::match_flag_type __m =
        -: 6255:                                                regex_constants::match_default);
        -: 6256:#if _LIBCPP_STD_VER > 11
        -: 6257:    regex_token_iterator(_BidirectionalIterator __a, _BidirectionalIterator __b,
        -: 6258:                         const regex_type&& __re, const vector<int>& __submatches,
        -: 6259:                         regex_constants::match_flag_type __m =
        -: 6260:                                     regex_constants::match_default) = delete;
        -: 6261:#endif
        -: 6262:
        -: 6263:#ifndef _LIBCPP_CXX03_LANG
        -: 6264:    regex_token_iterator(_BidirectionalIterator __a, _BidirectionalIterator __b,
        -: 6265:                         const regex_type& __re,
        -: 6266:                         initializer_list<int> __submatches,
        -: 6267:                         regex_constants::match_flag_type __m =
        -: 6268:                                                regex_constants::match_default);
        -: 6269:
        -: 6270:#if _LIBCPP_STD_VER > 11
        -: 6271:    regex_token_iterator(_BidirectionalIterator __a, _BidirectionalIterator __b,
        -: 6272:                         const regex_type&& __re,
        -: 6273:                         initializer_list<int> __submatches,
        -: 6274:                         regex_constants::match_flag_type __m =
        -: 6275:                                       regex_constants::match_default) = delete;
        -: 6276:#endif
        -: 6277:#endif  // _LIBCPP_CXX03_LANG
        -: 6278:    template <size_t _Np>
        -: 6279:        regex_token_iterator(_BidirectionalIterator __a,
        -: 6280:                             _BidirectionalIterator __b,
        -: 6281:                             const regex_type& __re,
        -: 6282:                             const int (&__submatches)[_Np],
        -: 6283:                             regex_constants::match_flag_type __m =
        -: 6284:                                                regex_constants::match_default);
        -: 6285:#if _LIBCPP_STD_VER > 11
        -: 6286:    template <std::size_t _Np>
        -: 6287:        regex_token_iterator(_BidirectionalIterator __a,
        -: 6288:                             _BidirectionalIterator __b,
        -: 6289:                             const regex_type&& __re,
        -: 6290:                             const int (&__submatches)[_Np],
        -: 6291:                             regex_constants::match_flag_type __m =
        -: 6292:                                      regex_constants::match_default) = delete;
        -: 6293:#endif
        -: 6294:
        -: 6295:    regex_token_iterator(const regex_token_iterator&);
        -: 6296:    regex_token_iterator& operator=(const regex_token_iterator&);
        -: 6297:
        -: 6298:    bool operator==(const regex_token_iterator& __x) const;
        -: 6299:    _LIBCPP_INLINE_VISIBILITY
        -: 6300:    bool operator!=(const regex_token_iterator& __x) const {return !(*this == __x);}
        -: 6301:
        -: 6302:    _LIBCPP_INLINE_VISIBILITY
        -: 6303:    const value_type& operator*() const {return *__result_;}
        -: 6304:    _LIBCPP_INLINE_VISIBILITY
        -: 6305:    const value_type* operator->() const {return __result_;}
        -: 6306:
        -: 6307:    regex_token_iterator& operator++();
        -: 6308:    _LIBCPP_INLINE_VISIBILITY
        -: 6309:    regex_token_iterator operator++(int)
        -: 6310:    {
        -: 6311:        regex_token_iterator __t(*this);
        -: 6312:        ++(*this);
        -: 6313:        return __t;
        -: 6314:    }
        -: 6315:
        -: 6316:private:
        -: 6317:    void __init(_BidirectionalIterator __a, _BidirectionalIterator __b);
        -: 6318:    void __establish_result () {
        -: 6319:        if (__subs_[__n_] == -1)
        -: 6320:            __result_ = &__position_->prefix();
        -: 6321:        else
        -: 6322:            __result_ = &(*__position_)[__subs_[__n_]];
        -: 6323:        }       
        -: 6324:};
        -: 6325:
        -: 6326:template <class _BidirectionalIterator, class _CharT, class _Traits>
        -: 6327:regex_token_iterator<_BidirectionalIterator, _CharT, _Traits>::
        -: 6328:    regex_token_iterator()
        -: 6329:    : __result_(nullptr),
        -: 6330:      __suffix_(),
        -: 6331:      __n_(0)
        -: 6332:{
        -: 6333:}
        -: 6334:
        -: 6335:template <class _BidirectionalIterator, class _CharT, class _Traits>
        -: 6336:void
        -: 6337:regex_token_iterator<_BidirectionalIterator, _CharT, _Traits>::
        -: 6338:    __init(_BidirectionalIterator __a, _BidirectionalIterator __b)
        -: 6339:{
        -: 6340:    if (__position_ != _Position())
        -: 6341:        __establish_result ();
        -: 6342:    else if (__subs_[__n_] == -1)
        -: 6343:    {
        -: 6344:        __suffix_.matched = true;
        -: 6345:        __suffix_.first = __a;
        -: 6346:        __suffix_.second = __b;
        -: 6347:        __result_ = &__suffix_;
        -: 6348:    }
        -: 6349:    else
        -: 6350:        __result_ = nullptr;
        -: 6351:}
        -: 6352:
        -: 6353:template <class _BidirectionalIterator, class _CharT, class _Traits>
        -: 6354:regex_token_iterator<_BidirectionalIterator, _CharT, _Traits>::
        -: 6355:    regex_token_iterator(_BidirectionalIterator __a, _BidirectionalIterator __b,
        -: 6356:                         const regex_type& __re, int __submatch,
        -: 6357:                         regex_constants::match_flag_type __m)
        -: 6358:    : __position_(__a, __b, __re, __m),
        -: 6359:      __n_(0),
        -: 6360:      __subs_(1, __submatch)
        -: 6361:{
        -: 6362:    __init(__a, __b);
        -: 6363:}
        -: 6364:
        -: 6365:template <class _BidirectionalIterator, class _CharT, class _Traits>
        -: 6366:regex_token_iterator<_BidirectionalIterator, _CharT, _Traits>::
        -: 6367:    regex_token_iterator(_BidirectionalIterator __a, _BidirectionalIterator __b,
        -: 6368:                         const regex_type& __re, const vector<int>& __submatches,
        -: 6369:                         regex_constants::match_flag_type __m)
        -: 6370:    : __position_(__a, __b, __re, __m),
        -: 6371:      __n_(0),
        -: 6372:      __subs_(__submatches)
        -: 6373:{
        -: 6374:    __init(__a, __b);
        -: 6375:}
        -: 6376:
        -: 6377:#ifndef _LIBCPP_CXX03_LANG
        -: 6378:
        -: 6379:template <class _BidirectionalIterator, class _CharT, class _Traits>
        -: 6380:regex_token_iterator<_BidirectionalIterator, _CharT, _Traits>::
        -: 6381:    regex_token_iterator(_BidirectionalIterator __a, _BidirectionalIterator __b,
        -: 6382:                         const regex_type& __re,
        -: 6383:                         initializer_list<int> __submatches,
        -: 6384:                         regex_constants::match_flag_type __m)
        -: 6385:    : __position_(__a, __b, __re, __m),
        -: 6386:      __n_(0),
        -: 6387:      __subs_(__submatches)
        -: 6388:{
        -: 6389:    __init(__a, __b);
        -: 6390:}
        -: 6391:
        -: 6392:#endif  // _LIBCPP_CXX03_LANG
        -: 6393:
        -: 6394:template <class _BidirectionalIterator, class _CharT, class _Traits>
        -: 6395:template <size_t _Np>
        -: 6396:regex_token_iterator<_BidirectionalIterator, _CharT, _Traits>::
        -: 6397:    regex_token_iterator(_BidirectionalIterator __a, _BidirectionalIterator __b,
        -: 6398:                             const regex_type& __re,
        -: 6399:                             const int (&__submatches)[_Np],
        -: 6400:                             regex_constants::match_flag_type __m)
        -: 6401:    : __position_(__a, __b, __re, __m),
        -: 6402:      __n_(0),
        -: 6403:      __subs_(__submatches, __submatches + _Np)
        -: 6404:{
        -: 6405:    __init(__a, __b);
        -: 6406:}
        -: 6407:
        -: 6408:template <class _BidirectionalIterator, class _CharT, class _Traits>
        -: 6409:regex_token_iterator<_BidirectionalIterator, _CharT, _Traits>::
        -: 6410:    regex_token_iterator(const regex_token_iterator& __x)
        -: 6411:    : __position_(__x.__position_),
        -: 6412:      __result_(__x.__result_),
        -: 6413:      __suffix_(__x.__suffix_),
        -: 6414:      __n_(__x.__n_),
        -: 6415:      __subs_(__x.__subs_)
        -: 6416:{
        -: 6417:    if (__x.__result_ == &__x.__suffix_)
        -: 6418:        __result_ = &__suffix_;
        -: 6419:    else if ( __result_ != nullptr )
        -: 6420:        __establish_result ();
        -: 6421:}
        -: 6422:
        -: 6423:template <class _BidirectionalIterator, class _CharT, class _Traits>
        -: 6424:regex_token_iterator<_BidirectionalIterator, _CharT, _Traits>&
        -: 6425:regex_token_iterator<_BidirectionalIterator, _CharT, _Traits>::
        -: 6426:    operator=(const regex_token_iterator& __x)
        -: 6427:{
        -: 6428:    if (this != &__x)
        -: 6429:    {
        -: 6430:        __position_ = __x.__position_;
        -: 6431:        if (__x.__result_ == &__x.__suffix_)
        -: 6432:            __result_ = &__suffix_;
        -: 6433:        else
        -: 6434:            __result_ = __x.__result_;
        -: 6435:        __suffix_ = __x.__suffix_;
        -: 6436:        __n_ = __x.__n_;
        -: 6437:        __subs_ = __x.__subs_;
        -: 6438:
        -: 6439:        if ( __result_ != nullptr && __result_ != &__suffix_ )
        -: 6440:            __establish_result();
        -: 6441:    }
        -: 6442:    return *this;
        -: 6443:}
        -: 6444:
        -: 6445:template <class _BidirectionalIterator, class _CharT, class _Traits>
        -: 6446:bool
        -: 6447:regex_token_iterator<_BidirectionalIterator, _CharT, _Traits>::
        -: 6448:    operator==(const regex_token_iterator& __x) const
        -: 6449:{
        -: 6450:    if (__result_ == nullptr && __x.__result_ == nullptr)
        -: 6451:        return true;
        -: 6452:    if (__result_ == &__suffix_ && __x.__result_ == &__x.__suffix_ &&
        -: 6453:            __suffix_ == __x.__suffix_)
        -: 6454:        return true;
        -: 6455:    if (__result_ == nullptr || __x.__result_ == nullptr)
        -: 6456:        return false;
        -: 6457:    if (__result_ == &__suffix_ || __x.__result_ == &__x.__suffix_)
        -: 6458:        return false;
        -: 6459:    return __position_ == __x.__position_ && __n_ == __x.__n_ &&
        -: 6460:           __subs_ == __x.__subs_;
        -: 6461:}
        -: 6462:
        -: 6463:template <class _BidirectionalIterator, class _CharT, class _Traits>
        -: 6464:regex_token_iterator<_BidirectionalIterator, _CharT, _Traits>&
        -: 6465:regex_token_iterator<_BidirectionalIterator, _CharT, _Traits>::operator++()
        -: 6466:{
        -: 6467:    _Position __prev = __position_;
        -: 6468:    if (__result_ == &__suffix_)
        -: 6469:        __result_ = nullptr;
        -: 6470:    else if (static_cast<size_t>(__n_ + 1) < __subs_.size())
        -: 6471:    {
        -: 6472:        ++__n_;
        -: 6473:        __establish_result();
        -: 6474:    }
        -: 6475:    else
        -: 6476:    {
        -: 6477:        __n_ = 0;
        -: 6478:        ++__position_;
        -: 6479:        if (__position_ != _Position())
        -: 6480:            __establish_result();
        -: 6481:        else
        -: 6482:        {
        -: 6483:            if (_VSTD::find(__subs_.begin(), __subs_.end(), -1) != __subs_.end()
        -: 6484:                && __prev->suffix().length() != 0)
        -: 6485:            {
        -: 6486:                __suffix_.matched = true;
        -: 6487:                __suffix_.first = __prev->suffix().first;
        -: 6488:                __suffix_.second = __prev->suffix().second;
        -: 6489:                __result_ = &__suffix_;
        -: 6490:            }
        -: 6491:            else
        -: 6492:                __result_ = nullptr;
        -: 6493:        }
        -: 6494:    }
        -: 6495:    return *this;
        -: 6496:}
        -: 6497:
        -: 6498:typedef regex_token_iterator<const char*>             cregex_token_iterator;
        -: 6499:typedef regex_token_iterator<const wchar_t*>          wcregex_token_iterator;
        -: 6500:typedef regex_token_iterator<string::const_iterator>  sregex_token_iterator;
        -: 6501:typedef regex_token_iterator<wstring::const_iterator> wsregex_token_iterator;
        -: 6502:
        -: 6503:// regex_replace
        -: 6504:
        -: 6505:template <class _OutputIterator, class _BidirectionalIterator,
        -: 6506:          class _Traits, class _CharT>
        -: 6507:_OutputIterator
        -: 6508:regex_replace(_OutputIterator __output_iter,
        -: 6509:              _BidirectionalIterator __first, _BidirectionalIterator __last,
        -: 6510:              const basic_regex<_CharT, _Traits>& __e, const _CharT* __fmt,
        -: 6511:              regex_constants::match_flag_type __flags = regex_constants::match_default)
        -: 6512:{
        -: 6513:    typedef regex_iterator<_BidirectionalIterator, _CharT, _Traits> _Iter;
        -: 6514:    _Iter __i(__first, __last, __e, __flags);
        -: 6515:    _Iter __eof;
        -: 6516:    if (__i == __eof)
        -: 6517:    {
        -: 6518:        if (!(__flags & regex_constants::format_no_copy))
        -: 6519:            __output_iter = _VSTD::copy(__first, __last, __output_iter);
        -: 6520:    }
        -: 6521:    else
        -: 6522:    {
        -: 6523:        sub_match<_BidirectionalIterator> __lm;
        -: 6524:        for (size_t __len = char_traits<_CharT>::length(__fmt); __i != __eof; ++__i)
        -: 6525:        {
        -: 6526:            if (!(__flags & regex_constants::format_no_copy))
        -: 6527:                __output_iter = _VSTD::copy(__i->prefix().first, __i->prefix().second, __output_iter);
        -: 6528:            __output_iter = __i->format(__output_iter, __fmt, __fmt + __len, __flags);
        -: 6529:            __lm = __i->suffix();
        -: 6530:            if (__flags & regex_constants::format_first_only)
        -: 6531:                break;
        -: 6532:        }
        -: 6533:        if (!(__flags & regex_constants::format_no_copy))
        -: 6534:            __output_iter = _VSTD::copy(__lm.first, __lm.second, __output_iter);
        -: 6535:    }
        -: 6536:    return __output_iter;
        -: 6537:}
        -: 6538:
        -: 6539:template <class _OutputIterator, class _BidirectionalIterator,
        -: 6540:          class _Traits, class _CharT, class _ST, class _SA>
        -: 6541:inline _LIBCPP_INLINE_VISIBILITY
        -: 6542:_OutputIterator
        -: 6543:regex_replace(_OutputIterator __output_iter,
        -: 6544:              _BidirectionalIterator __first, _BidirectionalIterator __last,
        -: 6545:              const basic_regex<_CharT, _Traits>& __e,
        -: 6546:              const basic_string<_CharT, _ST, _SA>& __fmt,
        -: 6547:              regex_constants::match_flag_type __flags = regex_constants::match_default)
        -: 6548:{
        -: 6549:    return _VSTD::regex_replace(__output_iter, __first, __last, __e, __fmt.c_str(), __flags);
        -: 6550:}
        -: 6551:
        -: 6552:template <class _Traits, class _CharT, class _ST, class _SA, class _FST,
        -: 6553:          class _FSA>
        -: 6554:inline _LIBCPP_INLINE_VISIBILITY
        -: 6555:basic_string<_CharT, _ST, _SA>
        -: 6556:regex_replace(const basic_string<_CharT, _ST, _SA>& __s,
        -: 6557:              const basic_regex<_CharT, _Traits>& __e,
        -: 6558:              const basic_string<_CharT, _FST, _FSA>& __fmt,
        -: 6559:              regex_constants::match_flag_type __flags = regex_constants::match_default)
        -: 6560:{
        -: 6561:    basic_string<_CharT, _ST, _SA> __r;
        -: 6562:    _VSTD::regex_replace(back_inserter(__r), __s.begin(), __s.end(), __e,
        -: 6563:                        __fmt.c_str(), __flags);
        -: 6564:    return __r;
        -: 6565:}
        -: 6566:
        -: 6567:template <class _Traits, class _CharT, class _ST, class _SA>
        -: 6568:inline _LIBCPP_INLINE_VISIBILITY
        -: 6569:basic_string<_CharT, _ST, _SA>
        -: 6570:regex_replace(const basic_string<_CharT, _ST, _SA>& __s,
        -: 6571:              const basic_regex<_CharT, _Traits>& __e, const _CharT* __fmt,
        -: 6572:              regex_constants::match_flag_type __flags = regex_constants::match_default)
        -: 6573:{
        -: 6574:    basic_string<_CharT, _ST, _SA> __r;
        -: 6575:    _VSTD::regex_replace(back_inserter(__r), __s.begin(), __s.end(), __e,
        -: 6576:                        __fmt, __flags);
        -: 6577:    return __r;
        -: 6578:}
        -: 6579:
        -: 6580:template <class _Traits, class _CharT, class _ST, class _SA>
        -: 6581:inline _LIBCPP_INLINE_VISIBILITY
        -: 6582:basic_string<_CharT>
        -: 6583:regex_replace(const _CharT* __s,
        -: 6584:              const basic_regex<_CharT, _Traits>& __e,
        -: 6585:              const basic_string<_CharT, _ST, _SA>& __fmt,
        -: 6586:              regex_constants::match_flag_type __flags = regex_constants::match_default)
        -: 6587:{
        -: 6588:    basic_string<_CharT> __r;
        -: 6589:    _VSTD::regex_replace(back_inserter(__r), __s,
        -: 6590:                        __s + char_traits<_CharT>::length(__s), __e,
        -: 6591:                        __fmt.c_str(), __flags);
        -: 6592:    return __r;
        -: 6593:}
        -: 6594:
        -: 6595:template <class _Traits, class _CharT>
        -: 6596:inline _LIBCPP_INLINE_VISIBILITY
        -: 6597:basic_string<_CharT>
        -: 6598:regex_replace(const _CharT* __s,
        -: 6599:              const basic_regex<_CharT, _Traits>& __e,
        -: 6600:              const _CharT* __fmt,
        -: 6601:              regex_constants::match_flag_type __flags = regex_constants::match_default)
        -: 6602:{
        -: 6603:    basic_string<_CharT> __r;
        -: 6604:    _VSTD::regex_replace(back_inserter(__r), __s,
        -: 6605:                        __s + char_traits<_CharT>::length(__s), __e,
        -: 6606:                        __fmt, __flags);
        -: 6607:    return __r;
        -: 6608:}
        -: 6609:
        -: 6610:_LIBCPP_END_NAMESPACE_STD
        -: 6611:
        -: 6612:_LIBCPP_POP_MACROS
        -: 6613:
        -: 6614:#endif  // _LIBCPP_REGEX
